Terminals unused in grammar

    CHAR
    DEFAULT
    DO


Grammar

    0 $accept: program $end

    1 program: dec_stmts stmts

    2 dec_stmts: dec_stmt dec_stmts
    3          | ε

    4 stmts: stmt stmts
    5      | ε

    6 dec_stmt: var_dec
    7         | const_dec
    8         | func_dec

    9 const_dec: CONST ID AS EXPRESSION
   10          | CONST ID ':' TYPE AS EXPRESSION

   11 const_val: val_REAL
   12          | val_INTEGER
   13          | val_STR
   14          | val_BOOL

   15 TYPE: INT
   16     | BOOL
   17     | STRING
   18     | REAL

   19 var_dec: VAR ID ':' TYPE
   20        | VAR ID ':' TYPE AS EXPRESSION
   21        | VAR ID AS EXPRESSION
   22        | VAR ID ':' ARRAY val_INTEGER '.' '.' val_INTEGER OF TYPE

   23 $@1: ε

   24 func_dec: FUNCTION ID '(' args ')' ':' TYPE $@1 func_stmts END ID

   25 $@2: ε

   26 func_dec: PROCEDURE ID '(' args ')' $@2 func_stmts END ID

   27 func_stmts: func_stmt func_stmts
   28           | ε

   29 func_stmt: var_dec
   30          | const_dec
   31          | stmt

   32 args: arg ',' args
   33     | arg
   34     | ε

   35 arg: ID ':' TYPE

   36 stmt: BLOCK_stmt
   37     | simple_stmt
   38     | conditional_stmt
   39     | loop_stmt

   40 $@3: ε

   41 BLOCK_stmt: BEG $@3 func_stmts END

   42 simple_stmt: ID AS EXPRESSION
   43            | PUT EXPRESSION
   44            | GET ID
   45            | RESULT EXPRESSION
   46            | RETURN
   47            | EXIT_STMT
   48            | SKIP

   49 EXIT_STMT: EXIT
   50          | EXIT WHEN EXPRESSION

   51 EXPRESSION: EXPRESSION '+' EXPRESSION
   52           | EXPRESSION '-' EXPRESSION
   53           | EXPRESSION '*' EXPRESSION
   54           | EXPRESSION '/' EXPRESSION
   55           | '-' EXPRESSION
   56           | EXPRESSION MOD EXPRESSION
   57           | EXPRESSION '>' EXPRESSION
   58           | EXPRESSION '<' EXPRESSION
   59           | EXPRESSION '=' EXPRESSION
   60           | EXPRESSION NE EXPRESSION
   61           | EXPRESSION LE EXPRESSION
   62           | EXPRESSION GE EXPRESSION
   63           | EXPRESSION AND EXPRESSION
   64           | EXPRESSION OR EXPRESSION
   65           | NOT EXPRESSION
   66           | '(' EXPRESSION ')'
   67           | const_val
   68           | ID
   69           | ID '[' EXPRESSION ']'
   70           | func_inv

   71 func_inv: ID '(' actual_params ')'

   72 actual_params: actual_param ',' actual_params
   73              | actual_param
   74              | ε

   75 actual_param: EXPRESSION

   76 conditional_stmt: IF EXPRESSION THEN func_stmts ELSE func_stmts END IF
   77                 | IF EXPRESSION THEN func_stmts END IF

   78 loop_stmt: LOOP func_stmts END LOOP
   79          | FOR opt_r ID ':' val_INTEGER '.' '.' val_INTEGER func_stmts END FOR

   80 opt_r: DECREASING
   81      | ε


Terminals, with rules where they appear

    $end (0) 0
    '(' (40) 24 26 66 71
    ')' (41) 24 26 66 71
    '*' (42) 53
    '+' (43) 51
    ',' (44) 32 72
    '-' (45) 52 55
    '.' (46) 22 79
    '/' (47) 54
    ':' (58) 10 19 20 22 24 35 79
    '<' (60) 58
    '=' (61) 59
    '>' (62) 57
    '[' (91) 69
    ']' (93) 69
    error (256)
    AS (258) 9 10 20 21 42
    VAR (259) 19 20 21 22
    CONST (260) 9 10
    FUNCTION (261) 24
    BOOL (262) 16
    REAL (263) 18
    INT (264) 15
    STRING (265) 17
    ARRAY (266) 22
    OF (267) 22
    CHAR (268)
    MOD (269) 56
    AND (270) 63
    OR (271) 64
    NOT (272) 65
    DECREASING (273) 80
    DEFAULT (274)
    DO (275)
    ELSE (276) 76
    END (277) 24 26 41 76 77 78 79
    EXIT (278) 49 50
    FOR (279) 79
    GET (280) 44
    IF (281) 76 77
    LOOP (282) 78
    PUT (283) 43
    PROCEDURE (284) 26
    RESULT (285) 45
    RETURN (286) 46
    SKIP (287) 48
    THEN (288) 76 77
    WHEN (289) 50
    BEG (290) 41
    LE (291) 61
    GE (292) 62
    NE (293) 60
    ID <s_v> (294) 9 10 19 20 21 22 24 26 35 42 44 68 69 71 79
    val_STR <s_v> (295) 13
    val_INTEGER <i_v> (296) 12 22 79
    val_REAL <r_v> (297) 11
    val_BOOL <b_v> (298) 14
    UMINUS (299)


Nonterminals, with rules where they appear

    $accept (59)
        on left: 0
    program (60)
        on left: 1
        on right: 0
    dec_stmts (61)
        on left: 2 3
        on right: 1 2
    stmts (62)
        on left: 4 5
        on right: 1 4
    dec_stmt (63)
        on left: 6 7 8
        on right: 2
    const_dec (64)
        on left: 9 10
        on right: 7 30
    const_val <Inf> (65)
        on left: 11 12 13 14
        on right: 67
    TYPE <d_t> (66)
        on left: 15 16 17 18
        on right: 10 19 20 22 24 35
    var_dec (67)
        on left: 19 20 21 22
        on right: 6 29
    func_dec (68)
        on left: 24 26
        on right: 8
    $@1 (69)
        on left: 23
        on right: 24
    $@2 (70)
        on left: 25
        on right: 26
    func_stmts (71)
        on left: 27 28
        on right: 24 26 27 41 76 77 78 79
    func_stmt (72)
        on left: 29 30 31
        on right: 27
    args (73)
        on left: 32 33 34
        on right: 24 26 32
    arg (74)
        on left: 35
        on right: 32 33
    stmt (75)
        on left: 36 37 38 39
        on right: 4 31
    BLOCK_stmt (76)
        on left: 41
        on right: 36
    $@3 (77)
        on left: 40
        on right: 41
    simple_stmt (78)
        on left: 42 43 44 45 46 47 48
        on right: 37
    EXIT_STMT (79)
        on left: 49 50
        on right: 47
    EXPRESSION <Inf> (80)
        on left: 51 52 53 54 55 56 57 58 59 60 61 62 63 64 65 66 67 68 69 70
        on right: 9 10 20 21 42 43 45 50 51 52 53 54 55 56 57 58 59 60 61 62 63 64 65 66 69 75 76 77
    func_inv <Inf> (81)
        on left: 71
        on right: 70
    actual_params (82)
        on left: 72 73 74
        on right: 71 72
    actual_param (83)
        on left: 75
        on right: 72 73
    conditional_stmt (84)
        on left: 76 77
        on right: 38
    loop_stmt (85)
        on left: 78 79
        on right: 39
    opt_r (86)
        on left: 80 81
        on right: 79


State 0

    0 $accept: • program $end

    VAR        shift, and go to state 1
    CONST      shift, and go to state 2
    FUNCTION   shift, and go to state 3
    PROCEDURE  shift, and go to state 4

    $default  reduce using rule 3 (dec_stmts)

    program    go to state 5
    dec_stmts  go to state 6
    dec_stmt   go to state 7
    const_dec  go to state 8
    var_dec    go to state 9
    func_dec   go to state 10


State 1

   19 var_dec: VAR • ID ':' TYPE
   20        | VAR • ID ':' TYPE AS EXPRESSION
   21        | VAR • ID AS EXPRESSION
   22        | VAR • ID ':' ARRAY val_INTEGER '.' '.' val_INTEGER OF TYPE

    ID  shift, and go to state 11


State 2

    9 const_dec: CONST • ID AS EXPRESSION
   10          | CONST • ID ':' TYPE AS EXPRESSION

    ID  shift, and go to state 12


State 3

   24 func_dec: FUNCTION • ID '(' args ')' ':' TYPE $@1 func_stmts END ID

    ID  shift, and go to state 13


State 4

   26 func_dec: PROCEDURE • ID '(' args ')' $@2 func_stmts END ID

    ID  shift, and go to state 14


State 5

    0 $accept: program • $end

    $end  shift, and go to state 15


State 6

    1 program: dec_stmts • stmts

    EXIT    shift, and go to state 16
    FOR     shift, and go to state 17
    GET     shift, and go to state 18
    IF      shift, and go to state 19
    LOOP    shift, and go to state 20
    PUT     shift, and go to state 21
    RESULT  shift, and go to state 22
    RETURN  shift, and go to state 23
    SKIP    shift, and go to state 24
    BEG     shift, and go to state 25
    ID      shift, and go to state 26

    $default  reduce using rule 5 (stmts)

    stmts             go to state 27
    stmt              go to state 28
    BLOCK_stmt        go to state 29
    simple_stmt       go to state 30
    EXIT_STMT         go to state 31
    conditional_stmt  go to state 32
    loop_stmt         go to state 33


State 7

    2 dec_stmts: dec_stmt • dec_stmts

    VAR        shift, and go to state 1
    CONST      shift, and go to state 2
    FUNCTION   shift, and go to state 3
    PROCEDURE  shift, and go to state 4

    $default  reduce using rule 3 (dec_stmts)

    dec_stmts  go to state 34
    dec_stmt   go to state 7
    const_dec  go to state 8
    var_dec    go to state 9
    func_dec   go to state 10


State 8

    7 dec_stmt: const_dec •

    $default  reduce using rule 7 (dec_stmt)


State 9

    6 dec_stmt: var_dec •

    $default  reduce using rule 6 (dec_stmt)


State 10

    8 dec_stmt: func_dec •

    $default  reduce using rule 8 (dec_stmt)


State 11

   19 var_dec: VAR ID • ':' TYPE
   20        | VAR ID • ':' TYPE AS EXPRESSION
   21        | VAR ID • AS EXPRESSION
   22        | VAR ID • ':' ARRAY val_INTEGER '.' '.' val_INTEGER OF TYPE

    AS   shift, and go to state 35
    ':'  shift, and go to state 36


State 12

    9 const_dec: CONST ID • AS EXPRESSION
   10          | CONST ID • ':' TYPE AS EXPRESSION

    AS   shift, and go to state 37
    ':'  shift, and go to state 38


State 13

   24 func_dec: FUNCTION ID • '(' args ')' ':' TYPE $@1 func_stmts END ID

    '('  shift, and go to state 39


State 14

   26 func_dec: PROCEDURE ID • '(' args ')' $@2 func_stmts END ID

    '('  shift, and go to state 40


State 15

    0 $accept: program $end •

    $default  accept


State 16

   49 EXIT_STMT: EXIT •
   50          | EXIT • WHEN EXPRESSION

    WHEN  shift, and go to state 41

    $default  reduce using rule 49 (EXIT_STMT)


State 17

   79 loop_stmt: FOR • opt_r ID ':' val_INTEGER '.' '.' val_INTEGER func_stmts END FOR

    DECREASING  shift, and go to state 42

    $default  reduce using rule 81 (opt_r)

    opt_r  go to state 43


State 18

   44 simple_stmt: GET • ID

    ID  shift, and go to state 44


State 19

   76 conditional_stmt: IF • EXPRESSION THEN func_stmts ELSE func_stmts END IF
   77                 | IF • EXPRESSION THEN func_stmts END IF

    NOT          shift, and go to state 45
    ID           shift, and go to state 46
    val_STR      shift, and go to state 47
    val_INTEGER  shift, and go to state 48
    val_REAL     shift, and go to state 49
    val_BOOL     shift, and go to state 50
    '-'          shift, and go to state 51
    '('          shift, and go to state 52

    const_val   go to state 53
    EXPRESSION  go to state 54
    func_inv    go to state 55


State 20

   78 loop_stmt: LOOP • func_stmts END LOOP

    VAR     shift, and go to state 1
    CONST   shift, and go to state 2
    EXIT    shift, and go to state 16
    FOR     shift, and go to state 17
    GET     shift, and go to state 18
    IF      shift, and go to state 19
    LOOP    shift, and go to state 20
    PUT     shift, and go to state 21
    RESULT  shift, and go to state 22
    RETURN  shift, and go to state 23
    SKIP    shift, and go to state 24
    BEG     shift, and go to state 25
    ID      shift, and go to state 26

    $default  reduce using rule 28 (func_stmts)

    const_dec         go to state 56
    var_dec           go to state 57
    func_stmts        go to state 58
    func_stmt         go to state 59
    stmt              go to state 60
    BLOCK_stmt        go to state 29
    simple_stmt       go to state 30
    EXIT_STMT         go to state 31
    conditional_stmt  go to state 32
    loop_stmt         go to state 33


State 21

   43 simple_stmt: PUT • EXPRESSION

    NOT          shift, and go to state 45
    ID           shift, and go to state 46
    val_STR      shift, and go to state 47
    val_INTEGER  shift, and go to state 48
    val_REAL     shift, and go to state 49
    val_BOOL     shift, and go to state 50
    '-'          shift, and go to state 51
    '('          shift, and go to state 52

    const_val   go to state 53
    EXPRESSION  go to state 61
    func_inv    go to state 55


State 22

   45 simple_stmt: RESULT • EXPRESSION

    NOT          shift, and go to state 45
    ID           shift, and go to state 46
    val_STR      shift, and go to state 47
    val_INTEGER  shift, and go to state 48
    val_REAL     shift, and go to state 49
    val_BOOL     shift, and go to state 50
    '-'          shift, and go to state 51
    '('          shift, and go to state 52

    const_val   go to state 53
    EXPRESSION  go to state 62
    func_inv    go to state 55


State 23

   46 simple_stmt: RETURN •

    $default  reduce using rule 46 (simple_stmt)


State 24

   48 simple_stmt: SKIP •

    $default  reduce using rule 48 (simple_stmt)


State 25

   41 BLOCK_stmt: BEG • $@3 func_stmts END

    $default  reduce using rule 40 ($@3)

    $@3  go to state 63


State 26

   42 simple_stmt: ID • AS EXPRESSION

    AS  shift, and go to state 64


State 27

    1 program: dec_stmts stmts •

    $default  reduce using rule 1 (program)


State 28

    4 stmts: stmt • stmts

    EXIT    shift, and go to state 16
    FOR     shift, and go to state 17
    GET     shift, and go to state 18
    IF      shift, and go to state 19
    LOOP    shift, and go to state 20
    PUT     shift, and go to state 21
    RESULT  shift, and go to state 22
    RETURN  shift, and go to state 23
    SKIP    shift, and go to state 24
    BEG     shift, and go to state 25
    ID      shift, and go to state 26

    $default  reduce using rule 5 (stmts)

    stmts             go to state 65
    stmt              go to state 28
    BLOCK_stmt        go to state 29
    simple_stmt       go to state 30
    EXIT_STMT         go to state 31
    conditional_stmt  go to state 32
    loop_stmt         go to state 33


State 29

   36 stmt: BLOCK_stmt •

    $default  reduce using rule 36 (stmt)


State 30

   37 stmt: simple_stmt •

    $default  reduce using rule 37 (stmt)


State 31

   47 simple_stmt: EXIT_STMT •

    $default  reduce using rule 47 (simple_stmt)


State 32

   38 stmt: conditional_stmt •

    $default  reduce using rule 38 (stmt)


State 33

   39 stmt: loop_stmt •

    $default  reduce using rule 39 (stmt)


State 34

    2 dec_stmts: dec_stmt dec_stmts •

    $default  reduce using rule 2 (dec_stmts)


State 35

   21 var_dec: VAR ID AS • EXPRESSION

    NOT          shift, and go to state 45
    ID           shift, and go to state 46
    val_STR      shift, and go to state 47
    val_INTEGER  shift, and go to state 48
    val_REAL     shift, and go to state 49
    val_BOOL     shift, and go to state 50
    '-'          shift, and go to state 51
    '('          shift, and go to state 52

    const_val   go to state 53
    EXPRESSION  go to state 66
    func_inv    go to state 55


State 36

   19 var_dec: VAR ID ':' • TYPE
   20        | VAR ID ':' • TYPE AS EXPRESSION
   22        | VAR ID ':' • ARRAY val_INTEGER '.' '.' val_INTEGER OF TYPE

    BOOL    shift, and go to state 67
    REAL    shift, and go to state 68
    INT     shift, and go to state 69
    STRING  shift, and go to state 70
    ARRAY   shift, and go to state 71

    TYPE  go to state 72


State 37

    9 const_dec: CONST ID AS • EXPRESSION

    NOT          shift, and go to state 45
    ID           shift, and go to state 46
    val_STR      shift, and go to state 47
    val_INTEGER  shift, and go to state 48
    val_REAL     shift, and go to state 49
    val_BOOL     shift, and go to state 50
    '-'          shift, and go to state 51
    '('          shift, and go to state 52

    const_val   go to state 53
    EXPRESSION  go to state 73
    func_inv    go to state 55


State 38

   10 const_dec: CONST ID ':' • TYPE AS EXPRESSION

    BOOL    shift, and go to state 67
    REAL    shift, and go to state 68
    INT     shift, and go to state 69
    STRING  shift, and go to state 70

    TYPE  go to state 74


State 39

   24 func_dec: FUNCTION ID '(' • args ')' ':' TYPE $@1 func_stmts END ID

    ID  shift, and go to state 75

    $default  reduce using rule 34 (args)

    args  go to state 76
    arg   go to state 77


State 40

   26 func_dec: PROCEDURE ID '(' • args ')' $@2 func_stmts END ID

    ID  shift, and go to state 75

    $default  reduce using rule 34 (args)

    args  go to state 78
    arg   go to state 77


State 41

   50 EXIT_STMT: EXIT WHEN • EXPRESSION

    NOT          shift, and go to state 45
    ID           shift, and go to state 46
    val_STR      shift, and go to state 47
    val_INTEGER  shift, and go to state 48
    val_REAL     shift, and go to state 49
    val_BOOL     shift, and go to state 50
    '-'          shift, and go to state 51
    '('          shift, and go to state 52

    const_val   go to state 53
    EXPRESSION  go to state 79
    func_inv    go to state 55


State 42

   80 opt_r: DECREASING •

    $default  reduce using rule 80 (opt_r)


State 43

   79 loop_stmt: FOR opt_r • ID ':' val_INTEGER '.' '.' val_INTEGER func_stmts END FOR

    ID  shift, and go to state 80


State 44

   44 simple_stmt: GET ID •

    $default  reduce using rule 44 (simple_stmt)


State 45

   65 EXPRESSION: NOT • EXPRESSION

    NOT          shift, and go to state 45
    ID           shift, and go to state 46
    val_STR      shift, and go to state 47
    val_INTEGER  shift, and go to state 48
    val_REAL     shift, and go to state 49
    val_BOOL     shift, and go to state 50
    '-'          shift, and go to state 51
    '('          shift, and go to state 52

    const_val   go to state 53
    EXPRESSION  go to state 81
    func_inv    go to state 55


State 46

   68 EXPRESSION: ID •
   69           | ID • '[' EXPRESSION ']'
   71 func_inv: ID • '(' actual_params ')'

    '('  shift, and go to state 82
    '['  shift, and go to state 83

    $default  reduce using rule 68 (EXPRESSION)


State 47

   13 const_val: val_STR •

    $default  reduce using rule 13 (const_val)


State 48

   12 const_val: val_INTEGER •

    $default  reduce using rule 12 (const_val)


State 49

   11 const_val: val_REAL •

    $default  reduce using rule 11 (const_val)


State 50

   14 const_val: val_BOOL •

    $default  reduce using rule 14 (const_val)


State 51

   55 EXPRESSION: '-' • EXPRESSION

    NOT          shift, and go to state 45
    ID           shift, and go to state 46
    val_STR      shift, and go to state 47
    val_INTEGER  shift, and go to state 48
    val_REAL     shift, and go to state 49
    val_BOOL     shift, and go to state 50
    '-'          shift, and go to state 51
    '('          shift, and go to state 52

    const_val   go to state 53
    EXPRESSION  go to state 84
    func_inv    go to state 55


State 52

   66 EXPRESSION: '(' • EXPRESSION ')'

    NOT          shift, and go to state 45
    ID           shift, and go to state 46
    val_STR      shift, and go to state 47
    val_INTEGER  shift, and go to state 48
    val_REAL     shift, and go to state 49
    val_BOOL     shift, and go to state 50
    '-'          shift, and go to state 51
    '('          shift, and go to state 52

    const_val   go to state 53
    EXPRESSION  go to state 85
    func_inv    go to state 55


State 53

   67 EXPRESSION: const_val •

    $default  reduce using rule 67 (EXPRESSION)


State 54

   51 EXPRESSION: EXPRESSION • '+' EXPRESSION
   52           | EXPRESSION • '-' EXPRESSION
   53           | EXPRESSION • '*' EXPRESSION
   54           | EXPRESSION • '/' EXPRESSION
   56           | EXPRESSION • MOD EXPRESSION
   57           | EXPRESSION • '>' EXPRESSION
   58           | EXPRESSION • '<' EXPRESSION
   59           | EXPRESSION • '=' EXPRESSION
   60           | EXPRESSION • NE EXPRESSION
   61           | EXPRESSION • LE EXPRESSION
   62           | EXPRESSION • GE EXPRESSION
   63           | EXPRESSION • AND EXPRESSION
   64           | EXPRESSION • OR EXPRESSION
   76 conditional_stmt: IF EXPRESSION • THEN func_stmts ELSE func_stmts END IF
   77                 | IF EXPRESSION • THEN func_stmts END IF

    MOD   shift, and go to state 86
    AND   shift, and go to state 87
    OR    shift, and go to state 88
    THEN  shift, and go to state 89
    LE    shift, and go to state 90
    GE    shift, and go to state 91
    NE    shift, and go to state 92
    '<'   shift, and go to state 93
    '='   shift, and go to state 94
    '>'   shift, and go to state 95
    '-'   shift, and go to state 96
    '+'   shift, and go to state 97
    '*'   shift, and go to state 98
    '/'   shift, and go to state 99


State 55

   70 EXPRESSION: func_inv •

    $default  reduce using rule 70 (EXPRESSION)


State 56

   30 func_stmt: const_dec •

    $default  reduce using rule 30 (func_stmt)


State 57

   29 func_stmt: var_dec •

    $default  reduce using rule 29 (func_stmt)


State 58

   78 loop_stmt: LOOP func_stmts • END LOOP

    END  shift, and go to state 100


State 59

   27 func_stmts: func_stmt • func_stmts

    VAR     shift, and go to state 1
    CONST   shift, and go to state 2
    EXIT    shift, and go to state 16
    FOR     shift, and go to state 17
    GET     shift, and go to state 18
    IF      shift, and go to state 19
    LOOP    shift, and go to state 20
    PUT     shift, and go to state 21
    RESULT  shift, and go to state 22
    RETURN  shift, and go to state 23
    SKIP    shift, and go to state 24
    BEG     shift, and go to state 25
    ID      shift, and go to state 26

    $default  reduce using rule 28 (func_stmts)

    const_dec         go to state 56
    var_dec           go to state 57
    func_stmts        go to state 101
    func_stmt         go to state 59
    stmt              go to state 60
    BLOCK_stmt        go to state 29
    simple_stmt       go to state 30
    EXIT_STMT         go to state 31
    conditional_stmt  go to state 32
    loop_stmt         go to state 33


State 60

   31 func_stmt: stmt •

    $default  reduce using rule 31 (func_stmt)


State 61

   43 simple_stmt: PUT EXPRESSION •
   51 EXPRESSION: EXPRESSION • '+' EXPRESSION
   52           | EXPRESSION • '-' EXPRESSION
   53           | EXPRESSION • '*' EXPRESSION
   54           | EXPRESSION • '/' EXPRESSION
   56           | EXPRESSION • MOD EXPRESSION
   57           | EXPRESSION • '>' EXPRESSION
   58           | EXPRESSION • '<' EXPRESSION
   59           | EXPRESSION • '=' EXPRESSION
   60           | EXPRESSION • NE EXPRESSION
   61           | EXPRESSION • LE EXPRESSION
   62           | EXPRESSION • GE EXPRESSION
   63           | EXPRESSION • AND EXPRESSION
   64           | EXPRESSION • OR EXPRESSION

    MOD  shift, and go to state 86
    AND  shift, and go to state 87
    OR   shift, and go to state 88
    LE   shift, and go to state 90
    GE   shift, and go to state 91
    NE   shift, and go to state 92
    '<'  shift, and go to state 93
    '='  shift, and go to state 94
    '>'  shift, and go to state 95
    '-'  shift, and go to state 96
    '+'  shift, and go to state 97
    '*'  shift, and go to state 98
    '/'  shift, and go to state 99

    $default  reduce using rule 43 (simple_stmt)


State 62

   45 simple_stmt: RESULT EXPRESSION •
   51 EXPRESSION: EXPRESSION • '+' EXPRESSION
   52           | EXPRESSION • '-' EXPRESSION
   53           | EXPRESSION • '*' EXPRESSION
   54           | EXPRESSION • '/' EXPRESSION
   56           | EXPRESSION • MOD EXPRESSION
   57           | EXPRESSION • '>' EXPRESSION
   58           | EXPRESSION • '<' EXPRESSION
   59           | EXPRESSION • '=' EXPRESSION
   60           | EXPRESSION • NE EXPRESSION
   61           | EXPRESSION • LE EXPRESSION
   62           | EXPRESSION • GE EXPRESSION
   63           | EXPRESSION • AND EXPRESSION
   64           | EXPRESSION • OR EXPRESSION

    MOD  shift, and go to state 86
    AND  shift, and go to state 87
    OR   shift, and go to state 88
    LE   shift, and go to state 90
    GE   shift, and go to state 91
    NE   shift, and go to state 92
    '<'  shift, and go to state 93
    '='  shift, and go to state 94
    '>'  shift, and go to state 95
    '-'  shift, and go to state 96
    '+'  shift, and go to state 97
    '*'  shift, and go to state 98
    '/'  shift, and go to state 99

    $default  reduce using rule 45 (simple_stmt)


State 63

   41 BLOCK_stmt: BEG $@3 • func_stmts END

    VAR     shift, and go to state 1
    CONST   shift, and go to state 2
    EXIT    shift, and go to state 16
    FOR     shift, and go to state 17
    GET     shift, and go to state 18
    IF      shift, and go to state 19
    LOOP    shift, and go to state 20
    PUT     shift, and go to state 21
    RESULT  shift, and go to state 22
    RETURN  shift, and go to state 23
    SKIP    shift, and go to state 24
    BEG     shift, and go to state 25
    ID      shift, and go to state 26

    $default  reduce using rule 28 (func_stmts)

    const_dec         go to state 56
    var_dec           go to state 57
    func_stmts        go to state 102
    func_stmt         go to state 59
    stmt              go to state 60
    BLOCK_stmt        go to state 29
    simple_stmt       go to state 30
    EXIT_STMT         go to state 31
    conditional_stmt  go to state 32
    loop_stmt         go to state 33


State 64

   42 simple_stmt: ID AS • EXPRESSION

    NOT          shift, and go to state 45
    ID           shift, and go to state 46
    val_STR      shift, and go to state 47
    val_INTEGER  shift, and go to state 48
    val_REAL     shift, and go to state 49
    val_BOOL     shift, and go to state 50
    '-'          shift, and go to state 51
    '('          shift, and go to state 52

    const_val   go to state 53
    EXPRESSION  go to state 103
    func_inv    go to state 55


State 65

    4 stmts: stmt stmts •

    $default  reduce using rule 4 (stmts)


State 66

   21 var_dec: VAR ID AS EXPRESSION •
   51 EXPRESSION: EXPRESSION • '+' EXPRESSION
   52           | EXPRESSION • '-' EXPRESSION
   53           | EXPRESSION • '*' EXPRESSION
   54           | EXPRESSION • '/' EXPRESSION
   56           | EXPRESSION • MOD EXPRESSION
   57           | EXPRESSION • '>' EXPRESSION
   58           | EXPRESSION • '<' EXPRESSION
   59           | EXPRESSION • '=' EXPRESSION
   60           | EXPRESSION • NE EXPRESSION
   61           | EXPRESSION • LE EXPRESSION
   62           | EXPRESSION • GE EXPRESSION
   63           | EXPRESSION • AND EXPRESSION
   64           | EXPRESSION • OR EXPRESSION

    MOD  shift, and go to state 86
    AND  shift, and go to state 87
    OR   shift, and go to state 88
    LE   shift, and go to state 90
    GE   shift, and go to state 91
    NE   shift, and go to state 92
    '<'  shift, and go to state 93
    '='  shift, and go to state 94
    '>'  shift, and go to state 95
    '-'  shift, and go to state 96
    '+'  shift, and go to state 97
    '*'  shift, and go to state 98
    '/'  shift, and go to state 99

    $default  reduce using rule 21 (var_dec)


State 67

   16 TYPE: BOOL •

    $default  reduce using rule 16 (TYPE)


State 68

   18 TYPE: REAL •

    $default  reduce using rule 18 (TYPE)


State 69

   15 TYPE: INT •

    $default  reduce using rule 15 (TYPE)


State 70

   17 TYPE: STRING •

    $default  reduce using rule 17 (TYPE)


State 71

   22 var_dec: VAR ID ':' ARRAY • val_INTEGER '.' '.' val_INTEGER OF TYPE

    val_INTEGER  shift, and go to state 104


State 72

   19 var_dec: VAR ID ':' TYPE •
   20        | VAR ID ':' TYPE • AS EXPRESSION

    AS  shift, and go to state 105

    $default  reduce using rule 19 (var_dec)


State 73

    9 const_dec: CONST ID AS EXPRESSION •
   51 EXPRESSION: EXPRESSION • '+' EXPRESSION
   52           | EXPRESSION • '-' EXPRESSION
   53           | EXPRESSION • '*' EXPRESSION
   54           | EXPRESSION • '/' EXPRESSION
   56           | EXPRESSION • MOD EXPRESSION
   57           | EXPRESSION • '>' EXPRESSION
   58           | EXPRESSION • '<' EXPRESSION
   59           | EXPRESSION • '=' EXPRESSION
   60           | EXPRESSION • NE EXPRESSION
   61           | EXPRESSION • LE EXPRESSION
   62           | EXPRESSION • GE EXPRESSION
   63           | EXPRESSION • AND EXPRESSION
   64           | EXPRESSION • OR EXPRESSION

    MOD  shift, and go to state 86
    AND  shift, and go to state 87
    OR   shift, and go to state 88
    LE   shift, and go to state 90
    GE   shift, and go to state 91
    NE   shift, and go to state 92
    '<'  shift, and go to state 93
    '='  shift, and go to state 94
    '>'  shift, and go to state 95
    '-'  shift, and go to state 96
    '+'  shift, and go to state 97
    '*'  shift, and go to state 98
    '/'  shift, and go to state 99

    $default  reduce using rule 9 (const_dec)


State 74

   10 const_dec: CONST ID ':' TYPE • AS EXPRESSION

    AS  shift, and go to state 106


State 75

   35 arg: ID • ':' TYPE

    ':'  shift, and go to state 107


State 76

   24 func_dec: FUNCTION ID '(' args • ')' ':' TYPE $@1 func_stmts END ID

    ')'  shift, and go to state 108


State 77

   32 args: arg • ',' args
   33     | arg •

    ','  shift, and go to state 109

    $default  reduce using rule 33 (args)


State 78

   26 func_dec: PROCEDURE ID '(' args • ')' $@2 func_stmts END ID

    ')'  shift, and go to state 110


State 79

   50 EXIT_STMT: EXIT WHEN EXPRESSION •
   51 EXPRESSION: EXPRESSION • '+' EXPRESSION
   52           | EXPRESSION • '-' EXPRESSION
   53           | EXPRESSION • '*' EXPRESSION
   54           | EXPRESSION • '/' EXPRESSION
   56           | EXPRESSION • MOD EXPRESSION
   57           | EXPRESSION • '>' EXPRESSION
   58           | EXPRESSION • '<' EXPRESSION
   59           | EXPRESSION • '=' EXPRESSION
   60           | EXPRESSION • NE EXPRESSION
   61           | EXPRESSION • LE EXPRESSION
   62           | EXPRESSION • GE EXPRESSION
   63           | EXPRESSION • AND EXPRESSION
   64           | EXPRESSION • OR EXPRESSION

    MOD  shift, and go to state 86
    AND  shift, and go to state 87
    OR   shift, and go to state 88
    LE   shift, and go to state 90
    GE   shift, and go to state 91
    NE   shift, and go to state 92
    '<'  shift, and go to state 93
    '='  shift, and go to state 94
    '>'  shift, and go to state 95
    '-'  shift, and go to state 96
    '+'  shift, and go to state 97
    '*'  shift, and go to state 98
    '/'  shift, and go to state 99

    $default  reduce using rule 50 (EXIT_STMT)


State 80

   79 loop_stmt: FOR opt_r ID • ':' val_INTEGER '.' '.' val_INTEGER func_stmts END FOR

    ':'  shift, and go to state 111


State 81

   51 EXPRESSION: EXPRESSION • '+' EXPRESSION
   52           | EXPRESSION • '-' EXPRESSION
   53           | EXPRESSION • '*' EXPRESSION
   54           | EXPRESSION • '/' EXPRESSION
   56           | EXPRESSION • MOD EXPRESSION
   57           | EXPRESSION • '>' EXPRESSION
   58           | EXPRESSION • '<' EXPRESSION
   59           | EXPRESSION • '=' EXPRESSION
   60           | EXPRESSION • NE EXPRESSION
   61           | EXPRESSION • LE EXPRESSION
   62           | EXPRESSION • GE EXPRESSION
   63           | EXPRESSION • AND EXPRESSION
   64           | EXPRESSION • OR EXPRESSION
   65           | NOT EXPRESSION •

    MOD  shift, and go to state 86
    LE   shift, and go to state 90
    GE   shift, and go to state 91
    NE   shift, and go to state 92
    '<'  shift, and go to state 93
    '='  shift, and go to state 94
    '>'  shift, and go to state 95
    '-'  shift, and go to state 96
    '+'  shift, and go to state 97
    '*'  shift, and go to state 98
    '/'  shift, and go to state 99

    $default  reduce using rule 65 (EXPRESSION)


State 82

   71 func_inv: ID '(' • actual_params ')'

    NOT          shift, and go to state 45
    ID           shift, and go to state 46
    val_STR      shift, and go to state 47
    val_INTEGER  shift, and go to state 48
    val_REAL     shift, and go to state 49
    val_BOOL     shift, and go to state 50
    '-'          shift, and go to state 51
    '('          shift, and go to state 52

    $default  reduce using rule 74 (actual_params)

    const_val      go to state 53
    EXPRESSION     go to state 112
    func_inv       go to state 55
    actual_params  go to state 113
    actual_param   go to state 114


State 83

   69 EXPRESSION: ID '[' • EXPRESSION ']'

    NOT          shift, and go to state 45
    ID           shift, and go to state 46
    val_STR      shift, and go to state 47
    val_INTEGER  shift, and go to state 48
    val_REAL     shift, and go to state 49
    val_BOOL     shift, and go to state 50
    '-'          shift, and go to state 51
    '('          shift, and go to state 52

    const_val   go to state 53
    EXPRESSION  go to state 115
    func_inv    go to state 55


State 84

   51 EXPRESSION: EXPRESSION • '+' EXPRESSION
   52           | EXPRESSION • '-' EXPRESSION
   53           | EXPRESSION • '*' EXPRESSION
   54           | EXPRESSION • '/' EXPRESSION
   55           | '-' EXPRESSION •
   56           | EXPRESSION • MOD EXPRESSION
   57           | EXPRESSION • '>' EXPRESSION
   58           | EXPRESSION • '<' EXPRESSION
   59           | EXPRESSION • '=' EXPRESSION
   60           | EXPRESSION • NE EXPRESSION
   61           | EXPRESSION • LE EXPRESSION
   62           | EXPRESSION • GE EXPRESSION
   63           | EXPRESSION • AND EXPRESSION
   64           | EXPRESSION • OR EXPRESSION

    $default  reduce using rule 55 (EXPRESSION)


State 85

   51 EXPRESSION: EXPRESSION • '+' EXPRESSION
   52           | EXPRESSION • '-' EXPRESSION
   53           | EXPRESSION • '*' EXPRESSION
   54           | EXPRESSION • '/' EXPRESSION
   56           | EXPRESSION • MOD EXPRESSION
   57           | EXPRESSION • '>' EXPRESSION
   58           | EXPRESSION • '<' EXPRESSION
   59           | EXPRESSION • '=' EXPRESSION
   60           | EXPRESSION • NE EXPRESSION
   61           | EXPRESSION • LE EXPRESSION
   62           | EXPRESSION • GE EXPRESSION
   63           | EXPRESSION • AND EXPRESSION
   64           | EXPRESSION • OR EXPRESSION
   66           | '(' EXPRESSION • ')'

    MOD  shift, and go to state 86
    AND  shift, and go to state 87
    OR   shift, and go to state 88
    LE   shift, and go to state 90
    GE   shift, and go to state 91
    NE   shift, and go to state 92
    '<'  shift, and go to state 93
    '='  shift, and go to state 94
    '>'  shift, and go to state 95
    '-'  shift, and go to state 96
    '+'  shift, and go to state 97
    '*'  shift, and go to state 98
    '/'  shift, and go to state 99
    ')'  shift, and go to state 116


State 86

   56 EXPRESSION: EXPRESSION MOD • EXPRESSION

    NOT          shift, and go to state 45
    ID           shift, and go to state 46
    val_STR      shift, and go to state 47
    val_INTEGER  shift, and go to state 48
    val_REAL     shift, and go to state 49
    val_BOOL     shift, and go to state 50
    '-'          shift, and go to state 51
    '('          shift, and go to state 52

    const_val   go to state 53
    EXPRESSION  go to state 117
    func_inv    go to state 55


State 87

   63 EXPRESSION: EXPRESSION AND • EXPRESSION

    NOT          shift, and go to state 45
    ID           shift, and go to state 46
    val_STR      shift, and go to state 47
    val_INTEGER  shift, and go to state 48
    val_REAL     shift, and go to state 49
    val_BOOL     shift, and go to state 50
    '-'          shift, and go to state 51
    '('          shift, and go to state 52

    const_val   go to state 53
    EXPRESSION  go to state 118
    func_inv    go to state 55


State 88

   64 EXPRESSION: EXPRESSION OR • EXPRESSION

    NOT          shift, and go to state 45
    ID           shift, and go to state 46
    val_STR      shift, and go to state 47
    val_INTEGER  shift, and go to state 48
    val_REAL     shift, and go to state 49
    val_BOOL     shift, and go to state 50
    '-'          shift, and go to state 51
    '('          shift, and go to state 52

    const_val   go to state 53
    EXPRESSION  go to state 119
    func_inv    go to state 55


State 89

   76 conditional_stmt: IF EXPRESSION THEN • func_stmts ELSE func_stmts END IF
   77                 | IF EXPRESSION THEN • func_stmts END IF

    VAR     shift, and go to state 1
    CONST   shift, and go to state 2
    EXIT    shift, and go to state 16
    FOR     shift, and go to state 17
    GET     shift, and go to state 18
    IF      shift, and go to state 19
    LOOP    shift, and go to state 20
    PUT     shift, and go to state 21
    RESULT  shift, and go to state 22
    RETURN  shift, and go to state 23
    SKIP    shift, and go to state 24
    BEG     shift, and go to state 25
    ID      shift, and go to state 26

    $default  reduce using rule 28 (func_stmts)

    const_dec         go to state 56
    var_dec           go to state 57
    func_stmts        go to state 120
    func_stmt         go to state 59
    stmt              go to state 60
    BLOCK_stmt        go to state 29
    simple_stmt       go to state 30
    EXIT_STMT         go to state 31
    conditional_stmt  go to state 32
    loop_stmt         go to state 33


State 90

   61 EXPRESSION: EXPRESSION LE • EXPRESSION

    NOT          shift, and go to state 45
    ID           shift, and go to state 46
    val_STR      shift, and go to state 47
    val_INTEGER  shift, and go to state 48
    val_REAL     shift, and go to state 49
    val_BOOL     shift, and go to state 50
    '-'          shift, and go to state 51
    '('          shift, and go to state 52

    const_val   go to state 53
    EXPRESSION  go to state 121
    func_inv    go to state 55


State 91

   62 EXPRESSION: EXPRESSION GE • EXPRESSION

    NOT          shift, and go to state 45
    ID           shift, and go to state 46
    val_STR      shift, and go to state 47
    val_INTEGER  shift, and go to state 48
    val_REAL     shift, and go to state 49
    val_BOOL     shift, and go to state 50
    '-'          shift, and go to state 51
    '('          shift, and go to state 52

    const_val   go to state 53
    EXPRESSION  go to state 122
    func_inv    go to state 55


State 92

   60 EXPRESSION: EXPRESSION NE • EXPRESSION

    NOT          shift, and go to state 45
    ID           shift, and go to state 46
    val_STR      shift, and go to state 47
    val_INTEGER  shift, and go to state 48
    val_REAL     shift, and go to state 49
    val_BOOL     shift, and go to state 50
    '-'          shift, and go to state 51
    '('          shift, and go to state 52

    const_val   go to state 53
    EXPRESSION  go to state 123
    func_inv    go to state 55


State 93

   58 EXPRESSION: EXPRESSION '<' • EXPRESSION

    NOT          shift, and go to state 45
    ID           shift, and go to state 46
    val_STR      shift, and go to state 47
    val_INTEGER  shift, and go to state 48
    val_REAL     shift, and go to state 49
    val_BOOL     shift, and go to state 50
    '-'          shift, and go to state 51
    '('          shift, and go to state 52

    const_val   go to state 53
    EXPRESSION  go to state 124
    func_inv    go to state 55


State 94

   59 EXPRESSION: EXPRESSION '=' • EXPRESSION

    NOT          shift, and go to state 45
    ID           shift, and go to state 46
    val_STR      shift, and go to state 47
    val_INTEGER  shift, and go to state 48
    val_REAL     shift, and go to state 49
    val_BOOL     shift, and go to state 50
    '-'          shift, and go to state 51
    '('          shift, and go to state 52

    const_val   go to state 53
    EXPRESSION  go to state 125
    func_inv    go to state 55


State 95

   57 EXPRESSION: EXPRESSION '>' • EXPRESSION

    NOT          shift, and go to state 45
    ID           shift, and go to state 46
    val_STR      shift, and go to state 47
    val_INTEGER  shift, and go to state 48
    val_REAL     shift, and go to state 49
    val_BOOL     shift, and go to state 50
    '-'          shift, and go to state 51
    '('          shift, and go to state 52

    const_val   go to state 53
    EXPRESSION  go to state 126
    func_inv    go to state 55


State 96

   52 EXPRESSION: EXPRESSION '-' • EXPRESSION

    NOT          shift, and go to state 45
    ID           shift, and go to state 46
    val_STR      shift, and go to state 47
    val_INTEGER  shift, and go to state 48
    val_REAL     shift, and go to state 49
    val_BOOL     shift, and go to state 50
    '-'          shift, and go to state 51
    '('          shift, and go to state 52

    const_val   go to state 53
    EXPRESSION  go to state 127
    func_inv    go to state 55


State 97

   51 EXPRESSION: EXPRESSION '+' • EXPRESSION

    NOT          shift, and go to state 45
    ID           shift, and go to state 46
    val_STR      shift, and go to state 47
    val_INTEGER  shift, and go to state 48
    val_REAL     shift, and go to state 49
    val_BOOL     shift, and go to state 50
    '-'          shift, and go to state 51
    '('          shift, and go to state 52

    const_val   go to state 53
    EXPRESSION  go to state 128
    func_inv    go to state 55


State 98

   53 EXPRESSION: EXPRESSION '*' • EXPRESSION

    NOT          shift, and go to state 45
    ID           shift, and go to state 46
    val_STR      shift, and go to state 47
    val_INTEGER  shift, and go to state 48
    val_REAL     shift, and go to state 49
    val_BOOL     shift, and go to state 50
    '-'          shift, and go to state 51
    '('          shift, and go to state 52

    const_val   go to state 53
    EXPRESSION  go to state 129
    func_inv    go to state 55


State 99

   54 EXPRESSION: EXPRESSION '/' • EXPRESSION

    NOT          shift, and go to state 45
    ID           shift, and go to state 46
    val_STR      shift, and go to state 47
    val_INTEGER  shift, and go to state 48
    val_REAL     shift, and go to state 49
    val_BOOL     shift, and go to state 50
    '-'          shift, and go to state 51
    '('          shift, and go to state 52

    const_val   go to state 53
    EXPRESSION  go to state 130
    func_inv    go to state 55


State 100

   78 loop_stmt: LOOP func_stmts END • LOOP

    LOOP  shift, and go to state 131


State 101

   27 func_stmts: func_stmt func_stmts •

    $default  reduce using rule 27 (func_stmts)


State 102

   41 BLOCK_stmt: BEG $@3 func_stmts • END

    END  shift, and go to state 132


State 103

   42 simple_stmt: ID AS EXPRESSION •
   51 EXPRESSION: EXPRESSION • '+' EXPRESSION
   52           | EXPRESSION • '-' EXPRESSION
   53           | EXPRESSION • '*' EXPRESSION
   54           | EXPRESSION • '/' EXPRESSION
   56           | EXPRESSION • MOD EXPRESSION
   57           | EXPRESSION • '>' EXPRESSION
   58           | EXPRESSION • '<' EXPRESSION
   59           | EXPRESSION • '=' EXPRESSION
   60           | EXPRESSION • NE EXPRESSION
   61           | EXPRESSION • LE EXPRESSION
   62           | EXPRESSION • GE EXPRESSION
   63           | EXPRESSION • AND EXPRESSION
   64           | EXPRESSION • OR EXPRESSION

    MOD  shift, and go to state 86
    AND  shift, and go to state 87
    OR   shift, and go to state 88
    LE   shift, and go to state 90
    GE   shift, and go to state 91
    NE   shift, and go to state 92
    '<'  shift, and go to state 93
    '='  shift, and go to state 94
    '>'  shift, and go to state 95
    '-'  shift, and go to state 96
    '+'  shift, and go to state 97
    '*'  shift, and go to state 98
    '/'  shift, and go to state 99

    $default  reduce using rule 42 (simple_stmt)


State 104

   22 var_dec: VAR ID ':' ARRAY val_INTEGER • '.' '.' val_INTEGER OF TYPE

    '.'  shift, and go to state 133


State 105

   20 var_dec: VAR ID ':' TYPE AS • EXPRESSION

    NOT          shift, and go to state 45
    ID           shift, and go to state 46
    val_STR      shift, and go to state 47
    val_INTEGER  shift, and go to state 48
    val_REAL     shift, and go to state 49
    val_BOOL     shift, and go to state 50
    '-'          shift, and go to state 51
    '('          shift, and go to state 52

    const_val   go to state 53
    EXPRESSION  go to state 134
    func_inv    go to state 55


State 106

   10 const_dec: CONST ID ':' TYPE AS • EXPRESSION

    NOT          shift, and go to state 45
    ID           shift, and go to state 46
    val_STR      shift, and go to state 47
    val_INTEGER  shift, and go to state 48
    val_REAL     shift, and go to state 49
    val_BOOL     shift, and go to state 50
    '-'          shift, and go to state 51
    '('          shift, and go to state 52

    const_val   go to state 53
    EXPRESSION  go to state 135
    func_inv    go to state 55


State 107

   35 arg: ID ':' • TYPE

    BOOL    shift, and go to state 67
    REAL    shift, and go to state 68
    INT     shift, and go to state 69
    STRING  shift, and go to state 70

    TYPE  go to state 136


State 108

   24 func_dec: FUNCTION ID '(' args ')' • ':' TYPE $@1 func_stmts END ID

    ':'  shift, and go to state 137


State 109

   32 args: arg ',' • args

    ID  shift, and go to state 75

    $default  reduce using rule 34 (args)

    args  go to state 138
    arg   go to state 77


State 110

   26 func_dec: PROCEDURE ID '(' args ')' • $@2 func_stmts END ID

    $default  reduce using rule 25 ($@2)

    $@2  go to state 139


State 111

   79 loop_stmt: FOR opt_r ID ':' • val_INTEGER '.' '.' val_INTEGER func_stmts END FOR

    val_INTEGER  shift, and go to state 140


State 112

   51 EXPRESSION: EXPRESSION • '+' EXPRESSION
   52           | EXPRESSION • '-' EXPRESSION
   53           | EXPRESSION • '*' EXPRESSION
   54           | EXPRESSION • '/' EXPRESSION
   56           | EXPRESSION • MOD EXPRESSION
   57           | EXPRESSION • '>' EXPRESSION
   58           | EXPRESSION • '<' EXPRESSION
   59           | EXPRESSION • '=' EXPRESSION
   60           | EXPRESSION • NE EXPRESSION
   61           | EXPRESSION • LE EXPRESSION
   62           | EXPRESSION • GE EXPRESSION
   63           | EXPRESSION • AND EXPRESSION
   64           | EXPRESSION • OR EXPRESSION
   75 actual_param: EXPRESSION •

    MOD  shift, and go to state 86
    AND  shift, and go to state 87
    OR   shift, and go to state 88
    LE   shift, and go to state 90
    GE   shift, and go to state 91
    NE   shift, and go to state 92
    '<'  shift, and go to state 93
    '='  shift, and go to state 94
    '>'  shift, and go to state 95
    '-'  shift, and go to state 96
    '+'  shift, and go to state 97
    '*'  shift, and go to state 98
    '/'  shift, and go to state 99

    $default  reduce using rule 75 (actual_param)


State 113

   71 func_inv: ID '(' actual_params • ')'

    ')'  shift, and go to state 141


State 114

   72 actual_params: actual_param • ',' actual_params
   73              | actual_param •

    ','  shift, and go to state 142

    $default  reduce using rule 73 (actual_params)


State 115

   51 EXPRESSION: EXPRESSION • '+' EXPRESSION
   52           | EXPRESSION • '-' EXPRESSION
   53           | EXPRESSION • '*' EXPRESSION
   54           | EXPRESSION • '/' EXPRESSION
   56           | EXPRESSION • MOD EXPRESSION
   57           | EXPRESSION • '>' EXPRESSION
   58           | EXPRESSION • '<' EXPRESSION
   59           | EXPRESSION • '=' EXPRESSION
   60           | EXPRESSION • NE EXPRESSION
   61           | EXPRESSION • LE EXPRESSION
   62           | EXPRESSION • GE EXPRESSION
   63           | EXPRESSION • AND EXPRESSION
   64           | EXPRESSION • OR EXPRESSION
   69           | ID '[' EXPRESSION • ']'

    MOD  shift, and go to state 86
    AND  shift, and go to state 87
    OR   shift, and go to state 88
    LE   shift, and go to state 90
    GE   shift, and go to state 91
    NE   shift, and go to state 92
    '<'  shift, and go to state 93
    '='  shift, and go to state 94
    '>'  shift, and go to state 95
    '-'  shift, and go to state 96
    '+'  shift, and go to state 97
    '*'  shift, and go to state 98
    '/'  shift, and go to state 99
    ']'  shift, and go to state 143


State 116

   66 EXPRESSION: '(' EXPRESSION ')' •

    $default  reduce using rule 66 (EXPRESSION)


State 117

   51 EXPRESSION: EXPRESSION • '+' EXPRESSION
   52           | EXPRESSION • '-' EXPRESSION
   53           | EXPRESSION • '*' EXPRESSION
   54           | EXPRESSION • '/' EXPRESSION
   56           | EXPRESSION • MOD EXPRESSION
   56           | EXPRESSION MOD EXPRESSION •
   57           | EXPRESSION • '>' EXPRESSION
   58           | EXPRESSION • '<' EXPRESSION
   59           | EXPRESSION • '=' EXPRESSION
   60           | EXPRESSION • NE EXPRESSION
   61           | EXPRESSION • LE EXPRESSION
   62           | EXPRESSION • GE EXPRESSION
   63           | EXPRESSION • AND EXPRESSION
   64           | EXPRESSION • OR EXPRESSION

    $default  reduce using rule 56 (EXPRESSION)


State 118

   51 EXPRESSION: EXPRESSION • '+' EXPRESSION
   52           | EXPRESSION • '-' EXPRESSION
   53           | EXPRESSION • '*' EXPRESSION
   54           | EXPRESSION • '/' EXPRESSION
   56           | EXPRESSION • MOD EXPRESSION
   57           | EXPRESSION • '>' EXPRESSION
   58           | EXPRESSION • '<' EXPRESSION
   59           | EXPRESSION • '=' EXPRESSION
   60           | EXPRESSION • NE EXPRESSION
   61           | EXPRESSION • LE EXPRESSION
   62           | EXPRESSION • GE EXPRESSION
   63           | EXPRESSION • AND EXPRESSION
   63           | EXPRESSION AND EXPRESSION •
   64           | EXPRESSION • OR EXPRESSION

    MOD  shift, and go to state 86
    LE   shift, and go to state 90
    GE   shift, and go to state 91
    NE   shift, and go to state 92
    '<'  shift, and go to state 93
    '='  shift, and go to state 94
    '>'  shift, and go to state 95
    '-'  shift, and go to state 96
    '+'  shift, and go to state 97
    '*'  shift, and go to state 98
    '/'  shift, and go to state 99

    $default  reduce using rule 63 (EXPRESSION)


State 119

   51 EXPRESSION: EXPRESSION • '+' EXPRESSION
   52           | EXPRESSION • '-' EXPRESSION
   53           | EXPRESSION • '*' EXPRESSION
   54           | EXPRESSION • '/' EXPRESSION
   56           | EXPRESSION • MOD EXPRESSION
   57           | EXPRESSION • '>' EXPRESSION
   58           | EXPRESSION • '<' EXPRESSION
   59           | EXPRESSION • '=' EXPRESSION
   60           | EXPRESSION • NE EXPRESSION
   61           | EXPRESSION • LE EXPRESSION
   62           | EXPRESSION • GE EXPRESSION
   63           | EXPRESSION • AND EXPRESSION
   64           | EXPRESSION • OR EXPRESSION
   64           | EXPRESSION OR EXPRESSION •

    MOD  shift, and go to state 86
    AND  shift, and go to state 87
    LE   shift, and go to state 90
    GE   shift, and go to state 91
    NE   shift, and go to state 92
    '<'  shift, and go to state 93
    '='  shift, and go to state 94
    '>'  shift, and go to state 95
    '-'  shift, and go to state 96
    '+'  shift, and go to state 97
    '*'  shift, and go to state 98
    '/'  shift, and go to state 99

    $default  reduce using rule 64 (EXPRESSION)


State 120

   76 conditional_stmt: IF EXPRESSION THEN func_stmts • ELSE func_stmts END IF
   77                 | IF EXPRESSION THEN func_stmts • END IF

    ELSE  shift, and go to state 144
    END   shift, and go to state 145


State 121

   51 EXPRESSION: EXPRESSION • '+' EXPRESSION
   52           | EXPRESSION • '-' EXPRESSION
   53           | EXPRESSION • '*' EXPRESSION
   54           | EXPRESSION • '/' EXPRESSION
   56           | EXPRESSION • MOD EXPRESSION
   57           | EXPRESSION • '>' EXPRESSION
   58           | EXPRESSION • '<' EXPRESSION
   59           | EXPRESSION • '=' EXPRESSION
   60           | EXPRESSION • NE EXPRESSION
   61           | EXPRESSION • LE EXPRESSION
   61           | EXPRESSION LE EXPRESSION •
   62           | EXPRESSION • GE EXPRESSION
   63           | EXPRESSION • AND EXPRESSION
   64           | EXPRESSION • OR EXPRESSION

    MOD  shift, and go to state 86
    '-'  shift, and go to state 96
    '+'  shift, and go to state 97
    '*'  shift, and go to state 98
    '/'  shift, and go to state 99

    $default  reduce using rule 61 (EXPRESSION)


State 122

   51 EXPRESSION: EXPRESSION • '+' EXPRESSION
   52           | EXPRESSION • '-' EXPRESSION
   53           | EXPRESSION • '*' EXPRESSION
   54           | EXPRESSION • '/' EXPRESSION
   56           | EXPRESSION • MOD EXPRESSION
   57           | EXPRESSION • '>' EXPRESSION
   58           | EXPRESSION • '<' EXPRESSION
   59           | EXPRESSION • '=' EXPRESSION
   60           | EXPRESSION • NE EXPRESSION
   61           | EXPRESSION • LE EXPRESSION
   62           | EXPRESSION • GE EXPRESSION
   62           | EXPRESSION GE EXPRESSION •
   63           | EXPRESSION • AND EXPRESSION
   64           | EXPRESSION • OR EXPRESSION

    MOD  shift, and go to state 86
    '-'  shift, and go to state 96
    '+'  shift, and go to state 97
    '*'  shift, and go to state 98
    '/'  shift, and go to state 99

    $default  reduce using rule 62 (EXPRESSION)


State 123

   51 EXPRESSION: EXPRESSION • '+' EXPRESSION
   52           | EXPRESSION • '-' EXPRESSION
   53           | EXPRESSION • '*' EXPRESSION
   54           | EXPRESSION • '/' EXPRESSION
   56           | EXPRESSION • MOD EXPRESSION
   57           | EXPRESSION • '>' EXPRESSION
   58           | EXPRESSION • '<' EXPRESSION
   59           | EXPRESSION • '=' EXPRESSION
   60           | EXPRESSION • NE EXPRESSION
   60           | EXPRESSION NE EXPRESSION •
   61           | EXPRESSION • LE EXPRESSION
   62           | EXPRESSION • GE EXPRESSION
   63           | EXPRESSION • AND EXPRESSION
   64           | EXPRESSION • OR EXPRESSION

    MOD  shift, and go to state 86
    '-'  shift, and go to state 96
    '+'  shift, and go to state 97
    '*'  shift, and go to state 98
    '/'  shift, and go to state 99

    $default  reduce using rule 60 (EXPRESSION)


State 124

   51 EXPRESSION: EXPRESSION • '+' EXPRESSION
   52           | EXPRESSION • '-' EXPRESSION
   53           | EXPRESSION • '*' EXPRESSION
   54           | EXPRESSION • '/' EXPRESSION
   56           | EXPRESSION • MOD EXPRESSION
   57           | EXPRESSION • '>' EXPRESSION
   58           | EXPRESSION • '<' EXPRESSION
   58           | EXPRESSION '<' EXPRESSION •
   59           | EXPRESSION • '=' EXPRESSION
   60           | EXPRESSION • NE EXPRESSION
   61           | EXPRESSION • LE EXPRESSION
   62           | EXPRESSION • GE EXPRESSION
   63           | EXPRESSION • AND EXPRESSION
   64           | EXPRESSION • OR EXPRESSION

    MOD  shift, and go to state 86
    '-'  shift, and go to state 96
    '+'  shift, and go to state 97
    '*'  shift, and go to state 98
    '/'  shift, and go to state 99

    $default  reduce using rule 58 (EXPRESSION)


State 125

   51 EXPRESSION: EXPRESSION • '+' EXPRESSION
   52           | EXPRESSION • '-' EXPRESSION
   53           | EXPRESSION • '*' EXPRESSION
   54           | EXPRESSION • '/' EXPRESSION
   56           | EXPRESSION • MOD EXPRESSION
   57           | EXPRESSION • '>' EXPRESSION
   58           | EXPRESSION • '<' EXPRESSION
   59           | EXPRESSION • '=' EXPRESSION
   59           | EXPRESSION '=' EXPRESSION •
   60           | EXPRESSION • NE EXPRESSION
   61           | EXPRESSION • LE EXPRESSION
   62           | EXPRESSION • GE EXPRESSION
   63           | EXPRESSION • AND EXPRESSION
   64           | EXPRESSION • OR EXPRESSION

    MOD  shift, and go to state 86
    '-'  shift, and go to state 96
    '+'  shift, and go to state 97
    '*'  shift, and go to state 98
    '/'  shift, and go to state 99

    $default  reduce using rule 59 (EXPRESSION)


State 126

   51 EXPRESSION: EXPRESSION • '+' EXPRESSION
   52           | EXPRESSION • '-' EXPRESSION
   53           | EXPRESSION • '*' EXPRESSION
   54           | EXPRESSION • '/' EXPRESSION
   56           | EXPRESSION • MOD EXPRESSION
   57           | EXPRESSION • '>' EXPRESSION
   57           | EXPRESSION '>' EXPRESSION •
   58           | EXPRESSION • '<' EXPRESSION
   59           | EXPRESSION • '=' EXPRESSION
   60           | EXPRESSION • NE EXPRESSION
   61           | EXPRESSION • LE EXPRESSION
   62           | EXPRESSION • GE EXPRESSION
   63           | EXPRESSION • AND EXPRESSION
   64           | EXPRESSION • OR EXPRESSION

    MOD  shift, and go to state 86
    '-'  shift, and go to state 96
    '+'  shift, and go to state 97
    '*'  shift, and go to state 98
    '/'  shift, and go to state 99

    $default  reduce using rule 57 (EXPRESSION)


State 127

   51 EXPRESSION: EXPRESSION • '+' EXPRESSION
   52           | EXPRESSION • '-' EXPRESSION
   52           | EXPRESSION '-' EXPRESSION •
   53           | EXPRESSION • '*' EXPRESSION
   54           | EXPRESSION • '/' EXPRESSION
   56           | EXPRESSION • MOD EXPRESSION
   57           | EXPRESSION • '>' EXPRESSION
   58           | EXPRESSION • '<' EXPRESSION
   59           | EXPRESSION • '=' EXPRESSION
   60           | EXPRESSION • NE EXPRESSION
   61           | EXPRESSION • LE EXPRESSION
   62           | EXPRESSION • GE EXPRESSION
   63           | EXPRESSION • AND EXPRESSION
   64           | EXPRESSION • OR EXPRESSION

    MOD  shift, and go to state 86
    '*'  shift, and go to state 98
    '/'  shift, and go to state 99

    $default  reduce using rule 52 (EXPRESSION)


State 128

   51 EXPRESSION: EXPRESSION • '+' EXPRESSION
   51           | EXPRESSION '+' EXPRESSION •
   52           | EXPRESSION • '-' EXPRESSION
   53           | EXPRESSION • '*' EXPRESSION
   54           | EXPRESSION • '/' EXPRESSION
   56           | EXPRESSION • MOD EXPRESSION
   57           | EXPRESSION • '>' EXPRESSION
   58           | EXPRESSION • '<' EXPRESSION
   59           | EXPRESSION • '=' EXPRESSION
   60           | EXPRESSION • NE EXPRESSION
   61           | EXPRESSION • LE EXPRESSION
   62           | EXPRESSION • GE EXPRESSION
   63           | EXPRESSION • AND EXPRESSION
   64           | EXPRESSION • OR EXPRESSION

    MOD  shift, and go to state 86
    '*'  shift, and go to state 98
    '/'  shift, and go to state 99

    $default  reduce using rule 51 (EXPRESSION)


State 129

   51 EXPRESSION: EXPRESSION • '+' EXPRESSION
   52           | EXPRESSION • '-' EXPRESSION
   53           | EXPRESSION • '*' EXPRESSION
   53           | EXPRESSION '*' EXPRESSION •
   54           | EXPRESSION • '/' EXPRESSION
   56           | EXPRESSION • MOD EXPRESSION
   57           | EXPRESSION • '>' EXPRESSION
   58           | EXPRESSION • '<' EXPRESSION
   59           | EXPRESSION • '=' EXPRESSION
   60           | EXPRESSION • NE EXPRESSION
   61           | EXPRESSION • LE EXPRESSION
   62           | EXPRESSION • GE EXPRESSION
   63           | EXPRESSION • AND EXPRESSION
   64           | EXPRESSION • OR EXPRESSION

    $default  reduce using rule 53 (EXPRESSION)


State 130

   51 EXPRESSION: EXPRESSION • '+' EXPRESSION
   52           | EXPRESSION • '-' EXPRESSION
   53           | EXPRESSION • '*' EXPRESSION
   54           | EXPRESSION • '/' EXPRESSION
   54           | EXPRESSION '/' EXPRESSION •
   56           | EXPRESSION • MOD EXPRESSION
   57           | EXPRESSION • '>' EXPRESSION
   58           | EXPRESSION • '<' EXPRESSION
   59           | EXPRESSION • '=' EXPRESSION
   60           | EXPRESSION • NE EXPRESSION
   61           | EXPRESSION • LE EXPRESSION
   62           | EXPRESSION • GE EXPRESSION
   63           | EXPRESSION • AND EXPRESSION
   64           | EXPRESSION • OR EXPRESSION

    $default  reduce using rule 54 (EXPRESSION)


State 131

   78 loop_stmt: LOOP func_stmts END LOOP •

    $default  reduce using rule 78 (loop_stmt)


State 132

   41 BLOCK_stmt: BEG $@3 func_stmts END •

    $default  reduce using rule 41 (BLOCK_stmt)


State 133

   22 var_dec: VAR ID ':' ARRAY val_INTEGER '.' • '.' val_INTEGER OF TYPE

    '.'  shift, and go to state 146


State 134

   20 var_dec: VAR ID ':' TYPE AS EXPRESSION •
   51 EXPRESSION: EXPRESSION • '+' EXPRESSION
   52           | EXPRESSION • '-' EXPRESSION
   53           | EXPRESSION • '*' EXPRESSION
   54           | EXPRESSION • '/' EXPRESSION
   56           | EXPRESSION • MOD EXPRESSION
   57           | EXPRESSION • '>' EXPRESSION
   58           | EXPRESSION • '<' EXPRESSION
   59           | EXPRESSION • '=' EXPRESSION
   60           | EXPRESSION • NE EXPRESSION
   61           | EXPRESSION • LE EXPRESSION
   62           | EXPRESSION • GE EXPRESSION
   63           | EXPRESSION • AND EXPRESSION
   64           | EXPRESSION • OR EXPRESSION

    MOD  shift, and go to state 86
    AND  shift, and go to state 87
    OR   shift, and go to state 88
    LE   shift, and go to state 90
    GE   shift, and go to state 91
    NE   shift, and go to state 92
    '<'  shift, and go to state 93
    '='  shift, and go to state 94
    '>'  shift, and go to state 95
    '-'  shift, and go to state 96
    '+'  shift, and go to state 97
    '*'  shift, and go to state 98
    '/'  shift, and go to state 99

    $default  reduce using rule 20 (var_dec)


State 135

   10 const_dec: CONST ID ':' TYPE AS EXPRESSION •
   51 EXPRESSION: EXPRESSION • '+' EXPRESSION
   52           | EXPRESSION • '-' EXPRESSION
   53           | EXPRESSION • '*' EXPRESSION
   54           | EXPRESSION • '/' EXPRESSION
   56           | EXPRESSION • MOD EXPRESSION
   57           | EXPRESSION • '>' EXPRESSION
   58           | EXPRESSION • '<' EXPRESSION
   59           | EXPRESSION • '=' EXPRESSION
   60           | EXPRESSION • NE EXPRESSION
   61           | EXPRESSION • LE EXPRESSION
   62           | EXPRESSION • GE EXPRESSION
   63           | EXPRESSION • AND EXPRESSION
   64           | EXPRESSION • OR EXPRESSION

    MOD  shift, and go to state 86
    AND  shift, and go to state 87
    OR   shift, and go to state 88
    LE   shift, and go to state 90
    GE   shift, and go to state 91
    NE   shift, and go to state 92
    '<'  shift, and go to state 93
    '='  shift, and go to state 94
    '>'  shift, and go to state 95
    '-'  shift, and go to state 96
    '+'  shift, and go to state 97
    '*'  shift, and go to state 98
    '/'  shift, and go to state 99

    $default  reduce using rule 10 (const_dec)


State 136

   35 arg: ID ':' TYPE •

    $default  reduce using rule 35 (arg)


State 137

   24 func_dec: FUNCTION ID '(' args ')' ':' • TYPE $@1 func_stmts END ID

    BOOL    shift, and go to state 67
    REAL    shift, and go to state 68
    INT     shift, and go to state 69
    STRING  shift, and go to state 70

    TYPE  go to state 147


State 138

   32 args: arg ',' args •

    $default  reduce using rule 32 (args)


State 139

   26 func_dec: PROCEDURE ID '(' args ')' $@2 • func_stmts END ID

    VAR     shift, and go to state 1
    CONST   shift, and go to state 2
    EXIT    shift, and go to state 16
    FOR     shift, and go to state 17
    GET     shift, and go to state 18
    IF      shift, and go to state 19
    LOOP    shift, and go to state 20
    PUT     shift, and go to state 21
    RESULT  shift, and go to state 22
    RETURN  shift, and go to state 23
    SKIP    shift, and go to state 24
    BEG     shift, and go to state 25
    ID      shift, and go to state 26

    $default  reduce using rule 28 (func_stmts)

    const_dec         go to state 56
    var_dec           go to state 57
    func_stmts        go to state 148
    func_stmt         go to state 59
    stmt              go to state 60
    BLOCK_stmt        go to state 29
    simple_stmt       go to state 30
    EXIT_STMT         go to state 31
    conditional_stmt  go to state 32
    loop_stmt         go to state 33


State 140

   79 loop_stmt: FOR opt_r ID ':' val_INTEGER • '.' '.' val_INTEGER func_stmts END FOR

    '.'  shift, and go to state 149


State 141

   71 func_inv: ID '(' actual_params ')' •

    $default  reduce using rule 71 (func_inv)


State 142

   72 actual_params: actual_param ',' • actual_params

    NOT          shift, and go to state 45
    ID           shift, and go to state 46
    val_STR      shift, and go to state 47
    val_INTEGER  shift, and go to state 48
    val_REAL     shift, and go to state 49
    val_BOOL     shift, and go to state 50
    '-'          shift, and go to state 51
    '('          shift, and go to state 52

    $default  reduce using rule 74 (actual_params)

    const_val      go to state 53
    EXPRESSION     go to state 112
    func_inv       go to state 55
    actual_params  go to state 150
    actual_param   go to state 114


State 143

   69 EXPRESSION: ID '[' EXPRESSION ']' •

    $default  reduce using rule 69 (EXPRESSION)


State 144

   76 conditional_stmt: IF EXPRESSION THEN func_stmts ELSE • func_stmts END IF

    VAR     shift, and go to state 1
    CONST   shift, and go to state 2
    EXIT    shift, and go to state 16
    FOR     shift, and go to state 17
    GET     shift, and go to state 18
    IF      shift, and go to state 19
    LOOP    shift, and go to state 20
    PUT     shift, and go to state 21
    RESULT  shift, and go to state 22
    RETURN  shift, and go to state 23
    SKIP    shift, and go to state 24
    BEG     shift, and go to state 25
    ID      shift, and go to state 26

    $default  reduce using rule 28 (func_stmts)

    const_dec         go to state 56
    var_dec           go to state 57
    func_stmts        go to state 151
    func_stmt         go to state 59
    stmt              go to state 60
    BLOCK_stmt        go to state 29
    simple_stmt       go to state 30
    EXIT_STMT         go to state 31
    conditional_stmt  go to state 32
    loop_stmt         go to state 33


State 145

   77 conditional_stmt: IF EXPRESSION THEN func_stmts END • IF

    IF  shift, and go to state 152


State 146

   22 var_dec: VAR ID ':' ARRAY val_INTEGER '.' '.' • val_INTEGER OF TYPE

    val_INTEGER  shift, and go to state 153


State 147

   24 func_dec: FUNCTION ID '(' args ')' ':' TYPE • $@1 func_stmts END ID

    $default  reduce using rule 23 ($@1)

    $@1  go to state 154


State 148

   26 func_dec: PROCEDURE ID '(' args ')' $@2 func_stmts • END ID

    END  shift, and go to state 155


State 149

   79 loop_stmt: FOR opt_r ID ':' val_INTEGER '.' • '.' val_INTEGER func_stmts END FOR

    '.'  shift, and go to state 156


State 150

   72 actual_params: actual_param ',' actual_params •

    $default  reduce using rule 72 (actual_params)


State 151

   76 conditional_stmt: IF EXPRESSION THEN func_stmts ELSE func_stmts • END IF

    END  shift, and go to state 157


State 152

   77 conditional_stmt: IF EXPRESSION THEN func_stmts END IF •

    $default  reduce using rule 77 (conditional_stmt)


State 153

   22 var_dec: VAR ID ':' ARRAY val_INTEGER '.' '.' val_INTEGER • OF TYPE

    OF  shift, and go to state 158


State 154

   24 func_dec: FUNCTION ID '(' args ')' ':' TYPE $@1 • func_stmts END ID

    VAR     shift, and go to state 1
    CONST   shift, and go to state 2
    EXIT    shift, and go to state 16
    FOR     shift, and go to state 17
    GET     shift, and go to state 18
    IF      shift, and go to state 19
    LOOP    shift, and go to state 20
    PUT     shift, and go to state 21
    RESULT  shift, and go to state 22
    RETURN  shift, and go to state 23
    SKIP    shift, and go to state 24
    BEG     shift, and go to state 25
    ID      shift, and go to state 26

    $default  reduce using rule 28 (func_stmts)

    const_dec         go to state 56
    var_dec           go to state 57
    func_stmts        go to state 159
    func_stmt         go to state 59
    stmt              go to state 60
    BLOCK_stmt        go to state 29
    simple_stmt       go to state 30
    EXIT_STMT         go to state 31
    conditional_stmt  go to state 32
    loop_stmt         go to state 33


State 155

   26 func_dec: PROCEDURE ID '(' args ')' $@2 func_stmts END • ID

    ID  shift, and go to state 160


State 156

   79 loop_stmt: FOR opt_r ID ':' val_INTEGER '.' '.' • val_INTEGER func_stmts END FOR

    val_INTEGER  shift, and go to state 161


State 157

   76 conditional_stmt: IF EXPRESSION THEN func_stmts ELSE func_stmts END • IF

    IF  shift, and go to state 162


State 158

   22 var_dec: VAR ID ':' ARRAY val_INTEGER '.' '.' val_INTEGER OF • TYPE

    BOOL    shift, and go to state 67
    REAL    shift, and go to state 68
    INT     shift, and go to state 69
    STRING  shift, and go to state 70

    TYPE  go to state 163


State 159

   24 func_dec: FUNCTION ID '(' args ')' ':' TYPE $@1 func_stmts • END ID

    END  shift, and go to state 164


State 160

   26 func_dec: PROCEDURE ID '(' args ')' $@2 func_stmts END ID •

    $default  reduce using rule 26 (func_dec)


State 161

   79 loop_stmt: FOR opt_r ID ':' val_INTEGER '.' '.' val_INTEGER • func_stmts END FOR

    VAR     shift, and go to state 1
    CONST   shift, and go to state 2
    EXIT    shift, and go to state 16
    FOR     shift, and go to state 17
    GET     shift, and go to state 18
    IF      shift, and go to state 19
    LOOP    shift, and go to state 20
    PUT     shift, and go to state 21
    RESULT  shift, and go to state 22
    RETURN  shift, and go to state 23
    SKIP    shift, and go to state 24
    BEG     shift, and go to state 25
    ID      shift, and go to state 26

    $default  reduce using rule 28 (func_stmts)

    const_dec         go to state 56
    var_dec           go to state 57
    func_stmts        go to state 165
    func_stmt         go to state 59
    stmt              go to state 60
    BLOCK_stmt        go to state 29
    simple_stmt       go to state 30
    EXIT_STMT         go to state 31
    conditional_stmt  go to state 32
    loop_stmt         go to state 33


State 162

   76 conditional_stmt: IF EXPRESSION THEN func_stmts ELSE func_stmts END IF •

    $default  reduce using rule 76 (conditional_stmt)


State 163

   22 var_dec: VAR ID ':' ARRAY val_INTEGER '.' '.' val_INTEGER OF TYPE •

    $default  reduce using rule 22 (var_dec)


State 164

   24 func_dec: FUNCTION ID '(' args ')' ':' TYPE $@1 func_stmts END • ID

    ID  shift, and go to state 166


State 165

   79 loop_stmt: FOR opt_r ID ':' val_INTEGER '.' '.' val_INTEGER func_stmts • END FOR

    END  shift, and go to state 167


State 166

   24 func_dec: FUNCTION ID '(' args ')' ':' TYPE $@1 func_stmts END ID •

    $default  reduce using rule 24 (func_dec)


State 167

   79 loop_stmt: FOR opt_r ID ':' val_INTEGER '.' '.' val_INTEGER func_stmts END • FOR

    FOR  shift, and go to state 168


State 168

   79 loop_stmt: FOR opt_r ID ':' val_INTEGER '.' '.' val_INTEGER func_stmts END FOR •

    $default  reduce using rule 79 (loop_stmt)
